<?xml version="1.0" encoding="UTF-8"?>
<!-- Generated by org.testng.reporters.JUnitReportReporter -->
<testsuite hostname="Naims-MacBook-Air.local" failures="0" tests="3" name="scripts._01_CarsTest" time="27.490" errors="0" timestamp="2022-06-07T13:07:22 CDT" skipped="0">
  <testcase classname="scripts._01_CarsTest" name="testSignInPageForm" time="10.624"/>
  <system-out/>
  <testcase classname="scripts._01_CarsTest" name="testMediaSection" time="8.371"/>
  <system-out/>
  <testcase classname="scripts._01_CarsTest" name="testInvalidCredentials" time="8.495"/>
  <system-out/>
</testsuite> <!-- scripts._01_CarsTest -->
